2026-07-08T05:18:34.161Z	Initializing build environment...
2026-07-08T05:18:36.897Z	Success: Finished initializing build environment
2026-07-08T05:18:37.806Z	Cloning repository...
2026-07-08T05:18:40.268Z	No build output detected to cache. Skipping.
2026-07-08T05:18:40.268Z	No dependencies detected to cache. Skipping.
2026-07-08T05:18:40.271Z	Detected the following tools from environment: 
2026-07-08T05:18:40.483Z	Executing user deploy command: npx wrangler deploy
2026-07-08T05:18:44.880Z	npm warn exec The following package was not found and will be installed: wrangler@4.108.0
2026-07-08T05:19:05.103Z	
2026-07-08T05:19:05.104Z	 ⛅️ wrangler 4.108.0
2026-07-08T05:19:05.108Z	────────────────────
2026-07-08T05:19:06.624Z	🌀 Building list of assets...
2026-07-08T05:19:06.654Z	✨ Read 231 files from the assets directory /opt/buildhome/repo
2026-07-08T05:19:06.761Z	🌀 Starting asset upload...
2026-07-08T05:19:08.709Z	🌀 Found 53 new or modified static assets to upload. Proceeding with upload...
2026-07-08T05:19:08.710Z	+ /.git/HEAD
2026-07-08T05:19:08.710Z	+ /.git/objects/91/2d23a84ea17b9679ef9464f882d0282e2f7e5e
2026-07-08T05:19:08.710Z	+ /.git/objects/46/1cf64f678a0c37760b4adc545fc9a9064fa7bb
2026-07-08T05:19:08.710Z	+ /.git/objects/d7/3af3812c33c0b7fef5d5e785a7264452d8f4c6
2026-07-08T05:19:08.710Z	+ /admin/index.html
2026-07-08T05:19:08.710Z	+ /article.html
2026-07-08T05:19:08.711Z	+ /.git/objects/35/556a26a4676095bd9d9018a212a45ae55aab70
2026-07-08T05:19:08.711Z	+ /.git/objects/66/454467d300c98df70733caa03cd5b24dd75dc0
2026-07-08T05:19:08.712Z	+ /projects.html
2026-07-08T05:19:08.712Z	+ /.git/objects/36/55acb29fe4fd40217a675e9b2428d3ab6f0d1f
2026-07-08T05:19:08.712Z	+ /.git/objects/57/1125e10e1411c8dcf8d8867b730069d5a2bfc6
2026-07-08T05:19:08.713Z	+ /admin/404.html
2026-07-08T05:19:08.713Z	+ /admin/messages.html
2026-07-08T05:19:08.715Z	+ /.git/index
2026-07-08T05:19:08.715Z	+ /admin/reviews.html
2026-07-08T05:19:08.715Z	+ /.git/objects/53/33bc37f8775e5ebb61e4c39ab93a9d79b2d47a
2026-07-08T05:19:08.715Z	+ /donation.html
2026-07-08T05:19:08.716Z	+ /admin/articles.html
2026-07-08T05:19:08.717Z	+ /.git/objects/1f/00ea5871fa84905ad15a415d1847af0e2a8fce
2026-07-08T05:19:08.717Z	+ /.git/logs/HEAD
2026-07-08T05:19:08.717Z	+ /robots.txt
2026-07-08T05:19:08.717Z	+ /.git/objects/a0/6de9399ba6adb86c68d9df7c162ad2194599c8
2026-07-08T05:19:08.717Z	+ /.wrangler/tmp/deploy-QTlXVP/no-op-worker.js.map
2026-07-08T05:19:08.717Z	+ /project.html
2026-07-08T05:19:08.718Z	+ /.git/objects/71/b4c6587f1fef09b1945c19b2b7dc1b0c6edcce
2026-07-08T05:19:08.718Z	+ /.git/objects/d4/828359e77e905669ce38782d249c4cc15b933b
2026-07-08T05:19:08.718Z	+ /services.html
2026-07-08T05:19:08.718Z	+ /.git/objects/c1/533289199042952195c08b17502635b24d0644
2026-07-08T05:19:08.718Z	+ /admin/dashboard.html
2026-07-08T05:19:08.718Z	+ /.git/objects/dd/065081c40cd57d50f22124bbb891ba0f87f2fc
2026-07-08T05:19:08.718Z	+ /functions/sitemap.xml.js
2026-07-08T05:19:08.718Z	+ /.git/objects/f2/7303af05ad4ffa46579a9827b3e7e56c27349d
2026-07-08T05:19:08.718Z	+ /admin/services.html
2026-07-08T05:19:08.719Z	+ /.git/objects/15/d2582fb3563da7cde36313b77977aba83de151
2026-07-08T05:19:08.719Z	+ /index.html
2026-07-08T05:19:08.719Z	+ /admin/projects.html
2026-07-08T05:19:08.721Z	+ /.git/FETCH_HEAD
2026-07-08T05:19:08.722Z	+ /.git/objects/a4/e494a6db0d2b6230db175f8580ac2eb56ca478
2026-07-08T05:19:08.722Z	+ /.git/objects/25/e51b2763a0a8039b420d41af0cb3d01cd7665c
2026-07-08T05:19:08.723Z	+ /.git/objects/84/790f6f44a1f71f6cfff77fb8cf5942c2932a28
2026-07-08T05:19:08.723Z	+ /.git/objects/9c/9ecd25a5f76fbca7ffe1646100ced0c8b62dcf
2026-07-08T05:19:08.723Z	+ /.git/objects/9d/55ece99cd4c16539e4ca0ab294085418012095
2026-07-08T05:19:08.723Z	+ /.git/objects/c9/cd03d7c48e0023c7552ab6a2358c97dba484cc
2026-07-08T05:19:08.723Z	+ /.git/objects/a0/ba57cbae9b25e72e7f1a106fce0de64f731c90
2026-07-08T05:19:08.724Z	+ /articles.html
2026-07-08T05:19:08.724Z	+ /.git/objects/84/37690f3046693e2b73eb410afe16cdedc58e31
2026-07-08T05:19:08.724Z	+ /.git/objects/8d/0557010447e1448c3e78dccd3178ad7f5a8923
2026-07-08T05:19:08.724Z	+ /.git/objects/6c/cb407b856d5dc6440d15983ffbf3c38d490671
2026-07-08T05:19:08.725Z	+ /.git/objects/96/b47c54c48ebabf7080f91bd5a9c84a4646e1ce
2026-07-08T05:19:08.725Z	+ /admin/login.html
2026-07-08T05:19:08.725Z	+ /functions/_middleware.js
2026-07-08T05:19:08.725Z	+ /admin/donations.html
2026-07-08T05:19:08.725Z	+ /admin/settings.html
2026-07-08T05:19:09.530Z	Uploaded 18 of 53 assets
2026-07-08T05:19:09.647Z	Uploaded 36 of 53 assets
2026-07-08T05:19:09.891Z	Uploaded 53 of 53 assets
2026-07-08T05:19:09.892Z	✨ Success! Uploaded 53 files (93 already uploaded) (1.18 sec)
2026-07-08T05:19:09.892Z	
2026-07-08T05:19:09.896Z	Total Upload: 0.33 KiB / gzip: 0.24 KiB
2026-07-08T05:19:10.103Z	
2026-07-08T05:19:10.103Z	Cloudflare collects anonymous telemetry about your usage of Wrangler. Learn more at https://github.com/cloudflare/workers-sdk/tree/main/packages/wrangler/telemetry.md
2026-07-08T05:19:10.104Z	
2026-07-08T05:19:10.213Z	✘ [ERROR] A request to the Cloudflare API (/accounts/94136348293263748167d31d3b0bf009/workers/scripts/mostafayasser/versions) failed.
2026-07-08T05:19:10.213Z	
2026-07-08T05:19:10.214Z	  Invalid _redirects configuration:
2026-07-08T05:19:10.214Z	  Line 9: Infinite loop detected in this rule. This would cause a redirect to strip `.html` or `/index` and end up triggering this rule again.
2026-07-08T05:19:10.214Z	  Line 10: Infinite loop detected in this rule. This would cause a redirect to strip `.html` or `/index` and end up triggering this rule again.
2026-07-08T05:19:10.214Z	  Line 11: Infinite loop detected in this rule. This would cause a redirect to strip `.html` or `/index` and end up triggering this rule again. [code: 100324]
2026-07-08T05:19:10.214Z	
2026-07-08T05:19:10.214Z	  
2026-07-08T05:19:10.214Z	  If you think this is a bug, please open an issue at: https://github.com/cloudflare/workers-sdk/issues/new/choose
2026-07-08T05:19:10.214Z	
2026-07-08T05:19:10.214Z	
2026-07-08T05:19:10.243Z	🪵  Logs were written to "/opt/buildhome/.config/.wrangler/logs/wrangler-2026-07-08_05-19-04_098.log"
2026-07-08T05:19:10.417Z	Failed: error occurred while running deploy command